# JRE version: Java(TM) SE Runtime Environment (8.0_271-b09) (build 1.8.0_271-b09)
# Java VM: Java HotSpot(TM) 64-Bit Server VM (25.271-b09 mixed mode windows-amd64 compressed oops)
Heap:
 PSYoungGen      total 192000K, used 186486K [0x00000000eab00000, 0x00000000f8200000, 0x0000000100000000)
  eden space 186880K, 98% used [0x00000000eab00000,0x00000000f5e00ae0,0x00000000f6180000)
  from space 5120K, 62% used [0x00000000f7d00000,0x00000000f801cdd8,0x00000000f8200000)
  to   space 7680K, 0% used [0x00000000f7300000,0x00000000f7300000,0x00000000f7a80000)
 ParOldGen       total 33280K, used 12796K [0x00000000c0000000, 0x00000000c2080000, 0x00000000eab00000)
  object space 33280K, 38% used [0x00000000c0000000,0x00000000c0c7f348,0x00000000c2080000)
 Metaspace       used 28168K, capacity 28370K, committed 28672K, reserved 1073152K
  class space    used 4143K, capacity 4230K, committed 4352K, reserved 1048576K
GC Heap History (10 events):
Event: 20.237 GC heap before
{Heap before GC invocations=9 (full 0):
 PSYoungGen      total 135168K, used 63857K [0x00000000eab00000, 0x00000000f3900000, 0x0000000100000000)
  eden space 129536K, 44% used [0x00000000eab00000,0x00000000ee3ddb10,0x00000000f2980000)
  from space 5632K, 99% used [0x00000000f3080000,0x00000000f35fea68,0x00000000f3600000)
  to   space 7168K, 0% used [0x00000000f2980000,0x00000000f2980000,0x00000000f3080000)
 ParOldGen       total 44032K, used 6240K [0x00000000c0000000, 0x00000000c2b00000, 0x00000000eab00000)
  object space 44032K, 14% used [0x00000000c0000000,0x00000000c06181b8,0x00000000c2b00000)
 Metaspace       used 20869K, capacity 21088K, committed 21296K, reserved 1067008K
  class space    used 2808K, capacity 2915K, committed 2944K, reserved 1048576K
Event: 20.255 GC heap after
Heap after GC invocations=9 (full 0):
 PSYoungGen      total 136704K, used 6380K [0x00000000eab00000, 0x00000000f8480000, 0x0000000100000000)
  eden space 129536K, 0% used [0x00000000eab00000,0x00000000eab00000,0x00000000f2980000)
  from space 7168K, 89% used [0x00000000f2980000,0x00000000f2fbb168,0x00000000f3080000)
  to   space 7680K, 0% used [0x00000000f7d00000,0x00000000f7d00000,0x00000000f8480000)
 ParOldGen       total 44032K, used 6256K [0x00000000c0000000, 0x00000000c2b00000, 0x00000000eab00000)
  object space 44032K, 14% used [0x00000000c0000000,0x00000000c061c1b8,0x00000000c2b00000)
 Metaspace       used 20869K, capacity 21088K, committed 21296K, reserved 1067008K
  class space    used 2808K, capacity 2915K, committed 2944K, reserved 1048576K
}
Event: 20.255 GC heap before
{Heap before GC invocations=10 (full 1):
 PSYoungGen      total 136704K, used 6380K [0x00000000eab00000, 0x00000000f8480000, 0x0000000100000000)
  eden space 129536K, 0% used [0x00000000eab00000,0x00000000eab00000,0x00000000f2980000)
  from space 7168K, 89% used [0x00000000f2980000,0x00000000f2fbb168,0x00000000f3080000)
  to   space 7680K, 0% used [0x00000000f7d00000,0x00000000f7d00000,0x00000000f8480000)
 ParOldGen       total 44032K, used 6256K [0x00000000c0000000, 0x00000000c2b00000, 0x00000000eab00000)
  object space 44032K, 14% used [0x00000000c0000000,0x00000000c061c1b8,0x00000000c2b00000)
 Metaspace       used 20869K, capacity 21088K, committed 21296K, reserved 1067008K
  class space    used 2808K, capacity 2915K, committed 2944K, reserved 1048576K
Event: 20.343 GC heap after
Heap after GC invocations=10 (full 1):
 PSYoungGen      total 136704K, used 0K [0x00000000eab00000, 0x00000000f8480000, 0x0000000100000000)
  eden space 129536K, 0% used [0x00000000eab00000,0x00000000eab00000,0x00000000f2980000)
  from space 7168K, 0% used [0x00000000f2980000,0x00000000f2980000,0x00000000f3080000)
  to   space 7680K, 0% used [0x00000000f7d00000,0x00000000f7d00000,0x00000000f8480000)
 ParOldGen       total 33280K, used 9603K [0x00000000c0000000, 0x00000000c2080000, 0x00000000eab00000)
  object space 33280K, 28% used [0x00000000c0000000,0x00000000c0960de8,0x00000000c2080000)
 Metaspace       used 20869K, capacity 21088K, committed 21296K, reserved 1067008K
  class space    used 2808K, capacity 2915K, committed 2944K, reserved 1048576K
}
Event: 22.659 GC heap before
{Heap before GC invocations=11 (full 1):
 PSYoungGen      total 136704K, used 129536K [0x00000000eab00000, 0x00000000f8480000, 0x0000000100000000)
  eden space 129536K, 100% used [0x00000000eab00000,0x00000000f2980000,0x00000000f2980000)
  from space 7168K, 0% used [0x00000000f2980000,0x00000000f2980000,0x00000000f3080000)
  to   space 7680K, 0% used [0x00000000f7d00000,0x00000000f7d00000,0x00000000f8480000)
 ParOldGen       total 33280K, used 9603K [0x00000000c0000000, 0x00000000c2080000, 0x00000000eab00000)
  object space 33280K, 28% used [0x00000000c0000000,0x00000000c0960de8,0x00000000c2080000)
 Metaspace       used 23170K, capacity 23430K, committed 23936K, reserved 1069056K
  class space    used 3255K, capacity 3332K, committed 3456K, reserved 1048576K
Event: 22.684 GC heap after
Heap after GC invocations=11 (full 1):
 PSYoungGen      total 192000K, used 4681K [0x00000000eab00000, 0x00000000f8200000, 0x0000000100000000)
  eden space 186880K, 0% used [0x00000000eab00000,0x00000000eab00000,0x00000000f6180000)
  from space 5120K, 91% used [0x00000000f7d00000,0x00000000f8192520,0x00000000f8200000)
  to   space 7680K, 0% used [0x00000000f7300000,0x00000000f7300000,0x00000000f7a80000)
 ParOldGen       total 33280K, used 9603K [0x00000000c0000000, 0x00000000c2080000, 0x00000000eab00000)
  object space 33280K, 28% used [0x00000000c0000000,0x00000000c0960de8,0x00000000c2080000)
 Metaspace       used 23170K, capacity 23430K, committed 23936K, reserved 1069056K
  class space    used 3255K, capacity 3332K, committed 3456K, reserved 1048576K
}
Event: 27.362 GC heap before
{Heap before GC invocations=12 (full 1):
 PSYoungGen      total 192000K, used 191561K [0x00000000eab00000, 0x00000000f8200000, 0x0000000100000000)
  eden space 186880K, 100% used [0x00000000eab00000,0x00000000f6180000,0x00000000f6180000)
  from space 5120K, 91% used [0x00000000f7d00000,0x00000000f8192520,0x00000000f8200000)
  to   space 7680K, 0% used [0x00000000f7300000,0x00000000f7300000,0x00000000f7a80000)
 ParOldGen       total 33280K, used 9603K [0x00000000c0000000, 0x00000000c2080000, 0x00000000eab00000)
  object space 33280K, 28% used [0x00000000c0000000,0x00000000c0960de8,0x00000000c2080000)
 Metaspace       used 25070K, capacity 25324K, committed 25728K, reserved 1071104K
  class space    used 3607K, capacity 3685K, committed 3712K, reserved 1048576K
Event: 27.393 GC heap after
Heap after GC invocations=12 (full 1):
 PSYoungGen      total 194560K, used 3431K [0x00000000eab00000, 0x00000000f8200000, 0x0000000100000000)
  eden space 186880K, 0% used [0x00000000eab00000,0x00000000eab00000,0x00000000f6180000)
  from space 7680K, 44% used [0x00000000f7300000,0x00000000f7659ff8,0x00000000f7a80000)
  to   space 5120K, 0% used [0x00000000f7d00000,0x00000000f7d00000,0x00000000f8200000)
 ParOldGen       total 33280K, used 11689K [0x00000000c0000000, 0x00000000c2080000, 0x00000000eab00000)
  object space 33280K, 35% used [0x00000000c0000000,0x00000000c0b6a660,0x00000000c2080000)
 Metaspace       used 25070K, capacity 25324K, committed 25728K, reserved 1071104K
  class space    used 3607K, capacity 3685K, committed 3712K, reserved 1048576K
}
Event: 29.443 GC heap before
{Heap before GC invocations=13 (full 1):
 PSYoungGen      total 194560K, used 190311K [0x00000000eab00000, 0x00000000f8200000, 0x0000000100000000)
  eden space 186880K, 100% used [0x00000000eab00000,0x00000000f6180000,0x00000000f6180000)
  from space 7680K, 44% used [0x00000000f7300000,0x00000000f7659ff8,0x00000000f7a80000)
  to   space 5120K, 0% used [0x00000000f7d00000,0x00000000f7d00000,0x00000000f8200000)
 ParOldGen       total 33280K, used 11689K [0x00000000c0000000, 0x00000000c2080000, 0x00000000eab00000)
  object space 33280K, 35% used [0x00000000c0000000,0x00000000c0b6a660,0x00000000c2080000)
 Metaspace       used 26743K, capacity 26994K, committed 27392K, reserved 1073152K
  class space    used 3906K, capacity 4006K, committed 4096K, reserved 1048576K
Event: 29.465 GC heap after
Heap after GC invocations=13 (full 1):
 PSYoungGen      total 192000K, used 3187K [0x00000000eab00000, 0x00000000f8200000, 0x0000000100000000)
  eden space 186880K, 0% used [0x00000000eab00000,0x00000000eab00000,0x00000000f6180000)
  from space 5120K, 62% used [0x00000000f7d00000,0x00000000f801cdd8,0x00000000f8200000)
  to   space 7680K, 0% used [0x00000000f7300000,0x00000000f7300000,0x00000000f7a80000)
 ParOldGen       total 33280K, used 12796K [0x00000000c0000000, 0x00000000c2080000, 0x00000000eab00000)
  object space 33280K, 38% used [0x00000000c0000000,0x00000000c0c7f348,0x00000000c2080000)
 Metaspace       used 26743K, capacity 26994K, committed 27392K, reserved 1073152K
  class space    used 3906K, capacity 4006K, committed 4096K, reserved 1048576K
}

