# JRE version: Java(TM) SE Runtime Environment (8.0_281-b09) (build 1.8.0_281-b09)
# Java VM: Java HotSpot(TM) 64-Bit Server VM (25.281-b09 mixed mode windows-amd64 compressed oops)
Heap:
 PSYoungGen      total 2518016K, used 1281419K [0x0000000715580000, 0x00000007c0000000, 0x00000007c0000000)
  eden space 2240000K, 57% used [0x0000000715580000,0x00000007638e2d10,0x000000079e100000)
  from space 278016K, 0% used [0x000000079e100000,0x000000079e100000,0x00000007af080000)
  to   space 278016K, 0% used [0x00000007af080000,0x00000007af080000,0x00000007c0000000)
 ParOldGen       total 5592576K, used 5592095K [0x00000005c0000000, 0x0000000715580000, 0x0000000715580000)
  object space 5592576K, 99% used [0x00000005c0000000,0x0000000715507f88,0x0000000715580000)
 Metaspace       used 41191K, capacity 41508K, committed 41980K, reserved 1085440K
  class space    used 6255K, capacity 6364K, committed 6448K, reserved 1048576K
GC Heap History (10 events):
Event: 4713.753 GC heap before
{Heap before GC invocations=3088 (full 2935):
 PSYoungGen      total 2518016K, used 2240000K [0x0000000715580000, 0x00000007c0000000, 0x00000007c0000000)
  eden space 2240000K, 100% used [0x0000000715580000,0x000000079e100000,0x000000079e100000)
  from space 278016K, 0% used [0x000000079e100000,0x000000079e100000,0x00000007af080000)
  to   space 278016K, 0% used [0x00000007af080000,0x00000007af080000,0x00000007c0000000)
 ParOldGen       total 5592576K, used 5592292K [0x00000005c0000000, 0x0000000715580000, 0x0000000715580000)
  object space 5592576K, 99% used [0x00000005c0000000,0x00000007155393a8,0x0000000715580000)
 Metaspace       used 41189K, capacity 41508K, committed 41980K, reserved 1085440K
  class space    used 6255K, capacity 6364K, committed 6448K, reserved 1048576K
Event: 4741.009 GC heap after
Heap after GC invocations=3088 (full 2935):
 PSYoungGen      total 2518016K, used 1237510K [0x0000000715580000, 0x00000007c0000000, 0x00000007c0000000)
  eden space 2240000K, 55% used [0x0000000715580000,0x0000000760e01be0,0x000000079e100000)
  from space 278016K, 0% used [0x000000079e100000,0x000000079e100000,0x00000007af080000)
  to   space 278016K, 0% used [0x00000007af080000,0x00000007af080000,0x00000007c0000000)
 ParOldGen       total 5592576K, used 5592243K [0x00000005c0000000, 0x0000000715580000, 0x0000000715580000)
  object space 5592576K, 99% used [0x00000005c0000000,0x000000071552cea0,0x0000000715580000)
 Metaspace       used 41189K, capacity 41508K, committed 41980K, reserved 1085440K
  class space    used 6255K, capacity 6364K, committed 6448K, reserved 1048576K
}
Event: 4762.803 GC heap before
{Heap before GC invocations=3089 (full 2936):
 PSYoungGen      total 2518016K, used 2240000K [0x0000000715580000, 0x00000007c0000000, 0x00000007c0000000)
  eden space 2240000K, 100% used [0x0000000715580000,0x000000079e100000,0x000000079e100000)
  from space 278016K, 0% used [0x000000079e100000,0x000000079e100000,0x00000007af080000)
  to   space 278016K, 0% used [0x00000007af080000,0x00000007af080000,0x00000007c0000000)
 ParOldGen       total 5592576K, used 5592243K [0x00000005c0000000, 0x0000000715580000, 0x0000000715580000)
  object space 5592576K, 99% used [0x00000005c0000000,0x000000071552cea0,0x0000000715580000)
 Metaspace       used 41189K, capacity 41508K, committed 41980K, reserved 1085440K
  class space    used 6255K, capacity 6364K, committed 6448K, reserved 1048576K
Event: 4790.105 GC heap after
Heap after GC invocations=3089 (full 2936):
 PSYoungGen      total 2518016K, used 1231976K [0x0000000715580000, 0x00000007c0000000, 0x00000007c0000000)
  eden space 2240000K, 54% used [0x0000000715580000,0x000000076089a3f0,0x000000079e100000)
  from space 278016K, 0% used [0x000000079e100000,0x000000079e100000,0x00000007af080000)
  to   space 278016K, 0% used [0x00000007af080000,0x00000007af080000,0x00000007c0000000)
 ParOldGen       total 5592576K, used 5592194K [0x00000005c0000000, 0x0000000715580000, 0x0000000715580000)
  object space 5592576K, 99% used [0x00000005c0000000,0x0000000715520998,0x0000000715580000)
 Metaspace       used 41189K, capacity 41508K, committed 41980K, reserved 1085440K
  class space    used 6255K, capacity 6364K, committed 6448K, reserved 1048576K
}
Event: 4806.402 GC heap before
{Heap before GC invocations=3090 (full 2937):
 PSYoungGen      total 2518016K, used 2240000K [0x0000000715580000, 0x00000007c0000000, 0x00000007c0000000)
  eden space 2240000K, 100% used [0x0000000715580000,0x000000079e100000,0x000000079e100000)
  from space 278016K, 0% used [0x000000079e100000,0x000000079e100000,0x00000007af080000)
  to   space 278016K, 0% used [0x00000007af080000,0x00000007af080000,0x00000007c0000000)
 ParOldGen       total 5592576K, used 5592194K [0x00000005c0000000, 0x0000000715580000, 0x0000000715580000)
  object space 5592576K, 99% used [0x00000005c0000000,0x0000000715520998,0x0000000715580000)
 Metaspace       used 41189K, capacity 41508K, committed 41980K, reserved 1085440K
  class space    used 6255K, capacity 6364K, committed 6448K, reserved 1048576K
Event: 4810.324 GC heap after
Heap after GC invocations=3090 (full 2937):
 PSYoungGen      total 2518016K, used 1267635K [0x0000000715580000, 0x00000007c0000000, 0x00000007c0000000)
  eden space 2240000K, 56% used [0x0000000715580000,0x0000000762b6cd58,0x000000079e100000)
  from space 278016K, 0% used [0x000000079e100000,0x000000079e100000,0x00000007af080000)
  to   space 278016K, 0% used [0x00000007af080000,0x00000007af080000,0x00000007c0000000)
 ParOldGen       total 5592576K, used 5592194K [0x00000005c0000000, 0x0000000715580000, 0x0000000715580000)
  object space 5592576K, 99% used [0x00000005c0000000,0x0000000715520998,0x0000000715580000)
 Metaspace       used 41189K, capacity 41508K, committed 41980K, reserved 1085440K
  class space    used 6255K, capacity 6364K, committed 6448K, reserved 1048576K
}
Event: 4821.407 GC heap before
{Heap before GC invocations=3091 (full 2938):
 PSYoungGen      total 2518016K, used 2240000K [0x0000000715580000, 0x00000007c0000000, 0x00000007c0000000)
  eden space 2240000K, 100% used [0x0000000715580000,0x000000079e100000,0x000000079e100000)
  from space 278016K, 0% used [0x000000079e100000,0x000000079e100000,0x00000007af080000)
  to   space 278016K, 0% used [0x00000007af080000,0x00000007af080000,0x00000007c0000000)
 ParOldGen       total 5592576K, used 5592194K [0x00000005c0000000, 0x0000000715580000, 0x0000000715580000)
  object space 5592576K, 99% used [0x00000005c0000000,0x0000000715520998,0x0000000715580000)
 Metaspace       used 41189K, capacity 41508K, committed 41980K, reserved 1085440K
  class space    used 6255K, capacity 6364K, committed 6448K, reserved 1048576K
Event: 4848.475 GC heap after
Heap after GC invocations=3091 (full 2938):
 PSYoungGen      total 2518016K, used 1251042K [0x0000000715580000, 0x00000007c0000000, 0x00000007c0000000)
  eden space 2240000K, 55% used [0x0000000715580000,0x0000000761b38b48,0x000000079e100000)
  from space 278016K, 0% used [0x000000079e100000,0x000000079e100000,0x00000007af080000)
  to   space 278016K, 0% used [0x00000007af080000,0x00000007af080000,0x00000007c0000000)
 ParOldGen       total 5592576K, used 5592145K [0x00000005c0000000, 0x0000000715580000, 0x0000000715580000)
  object space 5592576K, 99% used [0x00000005c0000000,0x0000000715514490,0x0000000715580000)
 Metaspace       used 41189K, capacity 41508K, committed 41980K, reserved 1085440K
  class space    used 6255K, capacity 6364K, committed 6448K, reserved 1048576K
}
Event: 4872.225 GC heap before
{Heap before GC invocations=3092 (full 2939):
 PSYoungGen      total 2518016K, used 2240000K [0x0000000715580000, 0x00000007c0000000, 0x00000007c0000000)
  eden space 2240000K, 100% used [0x0000000715580000,0x000000079e100000,0x000000079e100000)
  from space 278016K, 0% used [0x000000079e100000,0x000000079e100000,0x00000007af080000)
  to   space 278016K, 0% used [0x00000007af080000,0x00000007af080000,0x00000007c0000000)
 ParOldGen       total 5592576K, used 5592145K [0x00000005c0000000, 0x0000000715580000, 0x0000000715580000)
  object space 5592576K, 99% used [0x00000005c0000000,0x0000000715514490,0x0000000715580000)
 Metaspace       used 41189K, capacity 41508K, committed 41980K, reserved 1085440K
  class space    used 6255K, capacity 6364K, committed 6448K, reserved 1048576K
Event: 4914.388 GC heap after
Heap after GC invocations=3092 (full 2939):
 PSYoungGen      total 2518016K, used 1235718K [0x0000000715580000, 0x00000007c0000000, 0x00000007c0000000)
  eden space 2240000K, 55% used [0x0000000715580000,0x0000000760c41a78,0x000000079e100000)
  from space 278016K, 0% used [0x000000079e100000,0x000000079e100000,0x00000007af080000)
  to   space 278016K, 0% used [0x00000007af080000,0x00000007af080000,0x00000007c0000000)
 ParOldGen       total 5592576K, used 5592095K [0x00000005c0000000, 0x0000000715580000, 0x0000000715580000)
  object space 5592576K, 99% used [0x00000005c0000000,0x0000000715507f88,0x0000000715580000)
 Metaspace       used 41189K, capacity 41508K, committed 41980K, reserved 1085440K
  class space    used 6255K, capacity 6364K, committed 6448K, reserved 1048576K
}

