# JRE version: Java(TM) SE Runtime Environment (8.0_271-b09) (build 1.8.0_271-b09)
# Java VM: Java HotSpot(TM) 64-Bit Server VM (25.271-b09 mixed mode windows-amd64 compressed oops)
Heap:
 PSYoungGen      total 253952K, used 18987K [0x00000000eab00000, 0x00000000fa700000, 0x0000000100000000)
  eden space 249856K, 6% used [0x00000000eab00000,0x00000000eba10b50,0x00000000f9f00000)
  from space 4096K, 86% used [0x00000000f9f00000,0x00000000fa27a238,0x00000000fa300000)
  to   space 2048K, 0% used [0x00000000fa500000,0x00000000fa500000,0x00000000fa700000)
 ParOldGen       total 30208K, used 15377K [0x00000000c0000000, 0x00000000c1d80000, 0x00000000eab00000)
  object space 30208K, 50% used [0x00000000c0000000,0x00000000c0f045d8,0x00000000c1d80000)
 Metaspace       used 31860K, capacity 32072K, committed 32512K, reserved 1077248K
  class space    used 4777K, capacity 4839K, committed 4864K, reserved 1048576K
GC Heap History (10 events):
Event: 25.226 GC heap before
{Heap before GC invocations=20 (full 1):
 PSYoungGen      total 140800K, used 139622K [0x00000000eab00000, 0x00000000f3a00000, 0x0000000100000000)
  eden space 138240K, 100% used [0x00000000eab00000,0x00000000f3200000,0x00000000f3200000)
  from space 2560K, 53% used [0x00000000f3780000,0x00000000f38d9910,0x00000000f3a00000)
  to   space 4096K, 0% used [0x00000000f3200000,0x00000000f3200000,0x00000000f3600000)
 ParOldGen       total 30208K, used 11864K [0x00000000c0000000, 0x00000000c1d80000, 0x00000000eab00000)
  object space 30208K, 39% used [0x00000000c0000000,0x00000000c0b96200,0x00000000c1d80000)
 Metaspace       used 26342K, capacity 26626K, committed 27008K, reserved 1073152K
  class space    used 3837K, capacity 3942K, committed 3968K, reserved 1048576K
Event: 25.252 GC heap after
Heap after GC invocations=20 (full 1):
 PSYoungGen      total 142336K, used 2315K [0x00000000eab00000, 0x00000000f6a00000, 0x0000000100000000)
  eden space 138240K, 0% used [0x00000000eab00000,0x00000000eab00000,0x00000000f3200000)
  from space 4096K, 56% used [0x00000000f3200000,0x00000000f3442e48,0x00000000f3600000)
  to   space 4096K, 0% used [0x00000000f6600000,0x00000000f6600000,0x00000000f6a00000)
 ParOldGen       total 30208K, used 12360K [0x00000000c0000000, 0x00000000c1d80000, 0x00000000eab00000)
  object space 30208K, 40% used [0x00000000c0000000,0x00000000c0c12200,0x00000000c1d80000)
 Metaspace       used 26342K, capacity 26626K, committed 27008K, reserved 1073152K
  class space    used 3837K, capacity 3942K, committed 3968K, reserved 1048576K
}
Event: 26.936 GC heap before
{Heap before GC invocations=21 (full 1):
 PSYoungGen      total 142336K, used 140555K [0x00000000eab00000, 0x00000000f6a00000, 0x0000000100000000)
  eden space 138240K, 100% used [0x00000000eab00000,0x00000000f3200000,0x00000000f3200000)
  from space 4096K, 56% used [0x00000000f3200000,0x00000000f3442e48,0x00000000f3600000)
  to   space 4096K, 0% used [0x00000000f6600000,0x00000000f6600000,0x00000000f6a00000)
 ParOldGen       total 30208K, used 12360K [0x00000000c0000000, 0x00000000c1d80000, 0x00000000eab00000)
  object space 30208K, 40% used [0x00000000c0000000,0x00000000c0c12200,0x00000000c1d80000)
 Metaspace       used 27414K, capacity 27682K, committed 28032K, reserved 1073152K
  class space    used 4009K, capacity 4102K, committed 4224K, reserved 1048576K
Event: 26.966 GC heap after
Heap after GC invocations=21 (full 1):
 PSYoungGen      total 190464K, used 1978K [0x00000000eab00000, 0x00000000f6980000, 0x0000000100000000)
  eden space 186880K, 0% used [0x00000000eab00000,0x00000000eab00000,0x00000000f6180000)
  from space 3584K, 55% used [0x00000000f6600000,0x00000000f67eebe0,0x00000000f6980000)
  to   space 4096K, 0% used [0x00000000f6180000,0x00000000f6180000,0x00000000f6580000)
 ParOldGen       total 30208K, used 13176K [0x00000000c0000000, 0x00000000c1d80000, 0x00000000eab00000)
  object space 30208K, 43% used [0x00000000c0000000,0x00000000c0cde2e8,0x00000000c1d80000)
 Metaspace       used 27414K, capacity 27682K, committed 28032K, reserved 1073152K
  class space    used 4009K, capacity 4102K, committed 4224K, reserved 1048576K
}
Event: 29.473 GC heap before
{Heap before GC invocations=22 (full 1):
 PSYoungGen      total 190464K, used 188858K [0x00000000eab00000, 0x00000000f6980000, 0x0000000100000000)
  eden space 186880K, 100% used [0x00000000eab00000,0x00000000f6180000,0x00000000f6180000)
  from space 3584K, 55% used [0x00000000f6600000,0x00000000f67eebe0,0x00000000f6980000)
  to   space 4096K, 0% used [0x00000000f6180000,0x00000000f6180000,0x00000000f6580000)
 ParOldGen       total 30208K, used 13176K [0x00000000c0000000, 0x00000000c1d80000, 0x00000000eab00000)
  object space 30208K, 43% used [0x00000000c0000000,0x00000000c0cde2e8,0x00000000c1d80000)
 Metaspace       used 29058K, capacity 29384K, committed 29824K, reserved 1075200K
  class space    used 4288K, capacity 4391K, committed 4480K, reserved 1048576K
Event: 29.515 GC heap after
Heap after GC invocations=22 (full 1):
 PSYoungGen      total 190976K, used 2885K [0x00000000eab00000, 0x00000000fa900000, 0x0000000100000000)
  eden space 186880K, 0% used [0x00000000eab00000,0x00000000eab00000,0x00000000f6180000)
  from space 4096K, 70% used [0x00000000f6180000,0x00000000f6451490,0x00000000f6580000)
  to   space 4096K, 0% used [0x00000000fa500000,0x00000000fa500000,0x00000000fa900000)
 ParOldGen       total 30208K, used 13778K [0x00000000c0000000, 0x00000000c1d80000, 0x00000000eab00000)
  object space 30208K, 45% used [0x00000000c0000000,0x00000000c0d74808,0x00000000c1d80000)
 Metaspace       used 29058K, capacity 29384K, committed 29824K, reserved 1075200K
  class space    used 4288K, capacity 4391K, committed 4480K, reserved 1048576K
}
Event: 30.897 GC heap before
{Heap before GC invocations=23 (full 1):
 PSYoungGen      total 190976K, used 189765K [0x00000000eab00000, 0x00000000fa900000, 0x0000000100000000)
  eden space 186880K, 100% used [0x00000000eab00000,0x00000000f6180000,0x00000000f6180000)
  from space 4096K, 70% used [0x00000000f6180000,0x00000000f6451490,0x00000000f6580000)
  to   space 4096K, 0% used [0x00000000fa500000,0x00000000fa500000,0x00000000fa900000)
 ParOldGen       total 30208K, used 13778K [0x00000000c0000000, 0x00000000c1d80000, 0x00000000eab00000)
  object space 30208K, 45% used [0x00000000c0000000,0x00000000c0d74808,0x00000000c1d80000)
 Metaspace       used 30031K, capacity 30312K, committed 30720K, reserved 1075200K
  class space    used 4462K, capacity 4551K, committed 4608K, reserved 1048576K
Event: 30.905 GC heap after
Heap after GC invocations=23 (full 1):
 PSYoungGen      total 251904K, used 1905K [0x00000000eab00000, 0x00000000fa700000, 0x0000000100000000)
  eden space 249856K, 0% used [0x00000000eab00000,0x00000000eab00000,0x00000000f9f00000)
  from space 2048K, 93% used [0x00000000fa500000,0x00000000fa6dc770,0x00000000fa700000)
  to   space 4096K, 0% used [0x00000000f9f00000,0x00000000f9f00000,0x00000000fa300000)
 ParOldGen       total 30208K, used 14706K [0x00000000c0000000, 0x00000000c1d80000, 0x00000000eab00000)
  object space 30208K, 48% used [0x00000000c0000000,0x00000000c0e5c808,0x00000000c1d80000)
 Metaspace       used 30031K, capacity 30312K, committed 30720K, reserved 1075200K
  class space    used 4462K, capacity 4551K, committed 4608K, reserved 1048576K
}
Event: 34.269 GC heap before
{Heap before GC invocations=24 (full 1):
 PSYoungGen      total 251904K, used 251761K [0x00000000eab00000, 0x00000000fa700000, 0x0000000100000000)
  eden space 249856K, 100% used [0x00000000eab00000,0x00000000f9f00000,0x00000000f9f00000)
  from space 2048K, 93% used [0x00000000fa500000,0x00000000fa6dc770,0x00000000fa700000)
  to   space 4096K, 0% used [0x00000000f9f00000,0x00000000f9f00000,0x00000000fa300000)
 ParOldGen       total 30208K, used 14706K [0x00000000c0000000, 0x00000000c1d80000, 0x00000000eab00000)
  object space 30208K, 48% used [0x00000000c0000000,0x00000000c0e5c808,0x00000000c1d80000)
 Metaspace       used 31803K, capacity 32072K, committed 32512K, reserved 1077248K
  class space    used 4767K, capacity 4839K, committed 4864K, reserved 1048576K
Event: 34.317 GC heap after
Heap after GC invocations=24 (full 1):
 PSYoungGen      total 253952K, used 3560K [0x00000000eab00000, 0x00000000fa700000, 0x0000000100000000)
  eden space 249856K, 0% used [0x00000000eab00000,0x00000000eab00000,0x00000000f9f00000)
  from space 4096K, 86% used [0x00000000f9f00000,0x00000000fa27a238,0x00000000fa300000)
  to   space 2048K, 0% used [0x00000000fa500000,0x00000000fa500000,0x00000000fa700000)
 ParOldGen       total 30208K, used 15377K [0x00000000c0000000, 0x00000000c1d80000, 0x00000000eab00000)
  object space 30208K, 50% used [0x00000000c0000000,0x00000000c0f045d8,0x00000000c1d80000)
 Metaspace       used 31803K, capacity 32072K, committed 32512K, reserved 1077248K
  class space    used 4767K, capacity 4839K, committed 4864K, reserved 1048576K
}

