# JRE version: Java(TM) SE Runtime Environment (8.0_281-b09) (build 1.8.0_281-b09)
# Java VM: Java HotSpot(TM) 64-Bit Server VM (25.281-b09 mixed mode windows-amd64 compressed oops)
Heap:
 PSYoungGen      total 465920K, used 155225K [0x00000000d5580000, 0x0000000100000000, 0x0000000100000000)
  eden space 232960K, 66% used [0x00000000d5580000,0x00000000ded16628,0x00000000e3900000)
  from space 232960K, 0% used [0x00000000e3900000,0x00000000e3900000,0x00000000f1c80000)
  to   space 232960K, 0% used [0x00000000f1c80000,0x00000000f1c80000,0x0000000100000000)
 ParOldGen       total 1046016K, used 1008464K [0x0000000080000000, 0x00000000bfd80000, 0x00000000d5580000)
  object space 1046016K, 96% used [0x0000000080000000,0x00000000bd8d43f0,0x00000000bfd80000)
 Metaspace       used 41382K, capacity 41646K, committed 42240K, reserved 1085440K
  class space    used 6223K, capacity 6320K, committed 6400K, reserved 1048576K
GC Heap History (10 events):
Event: 770.717 GC heap before
{Heap before GC invocations=92 (full 11):
 PSYoungGen      total 465920K, used 138634K [0x00000000d5580000, 0x0000000100000000, 0x0000000100000000)
  eden space 232960K, 0% used [0x00000000d5580000,0x00000000d5580000,0x00000000e3900000)
  from space 232960K, 59% used [0x00000000e3900000,0x00000000ec062948,0x00000000f1c80000)
  to   space 232960K, 0% used [0x00000000f1c80000,0x00000000f1c80000,0x0000000100000000)
 ParOldGen       total 1046016K, used 1006345K [0x0000000080000000, 0x00000000bfd80000, 0x00000000d5580000)
  object space 1046016K, 96% used [0x0000000080000000,0x00000000bd6c2698,0x00000000bfd80000)
 Metaspace       used 41266K, capacity 41582K, committed 42240K, reserved 1085440K
  class space    used 6218K, capacity 6320K, committed 6400K, reserved 1048576K
Event: 778.022 GC heap after
Heap after GC invocations=92 (full 11):
 PSYoungGen      total 465920K, used 0K [0x00000000d5580000, 0x0000000100000000, 0x0000000100000000)
  eden space 232960K, 0% used [0x00000000d5580000,0x00000000d5580000,0x00000000e3900000)
  from space 232960K, 0% used [0x00000000e3900000,0x00000000e3900000,0x00000000f1c80000)
  to   space 232960K, 0% used [0x00000000f1c80000,0x00000000f1c80000,0x0000000100000000)
 ParOldGen       total 1046016K, used 1030430K [0x0000000080000000, 0x00000000bfd80000, 0x00000000d5580000)
  object space 1046016K, 98% used [0x0000000080000000,0x00000000bee47af8,0x00000000bfd80000)
 Metaspace       used 41266K, capacity 41582K, committed 42240K, reserved 1085440K
  class space    used 6218K, capacity 6320K, committed 6400K, reserved 1048576K
}
Event: 787.503 GC heap before
{Heap before GC invocations=93 (full 12):
 PSYoungGen      total 465920K, used 232960K [0x00000000d5580000, 0x0000000100000000, 0x0000000100000000)
  eden space 232960K, 100% used [0x00000000d5580000,0x00000000e3900000,0x00000000e3900000)
  from space 232960K, 0% used [0x00000000e3900000,0x00000000e3900000,0x00000000f1c80000)
  to   space 232960K, 0% used [0x00000000f1c80000,0x00000000f1c80000,0x0000000100000000)
 ParOldGen       total 1046016K, used 1030430K [0x0000000080000000, 0x00000000bfd80000, 0x00000000d5580000)
  object space 1046016K, 98% used [0x0000000080000000,0x00000000bee47af8,0x00000000bfd80000)
 Metaspace       used 41266K, capacity 41582K, committed 42240K, reserved 1085440K
  class space    used 6218K, capacity 6320K, committed 6400K, reserved 1048576K
Event: 794.763 GC heap after
Heap after GC invocations=93 (full 12):
 PSYoungGen      total 465920K, used 0K [0x00000000d5580000, 0x0000000100000000, 0x0000000100000000)
  eden space 232960K, 0% used [0x00000000d5580000,0x00000000d5580000,0x00000000e3900000)
  from space 232960K, 0% used [0x00000000e3900000,0x00000000e3900000,0x00000000f1c80000)
  to   space 232960K, 0% used [0x00000000f1c80000,0x00000000f1c80000,0x0000000100000000)
 ParOldGen       total 1046016K, used 1045144K [0x0000000080000000, 0x00000000bfd80000, 0x00000000d5580000)
  object space 1046016K, 99% used [0x0000000080000000,0x00000000bfca6258,0x00000000bfd80000)
 Metaspace       used 41266K, capacity 41582K, committed 42240K, reserved 1085440K
  class space    used 6218K, capacity 6320K, committed 6400K, reserved 1048576K
}
Event: 799.581 GC heap before
{Heap before GC invocations=94 (full 13):
 PSYoungGen      total 465920K, used 232960K [0x00000000d5580000, 0x0000000100000000, 0x0000000100000000)
  eden space 232960K, 100% used [0x00000000d5580000,0x00000000e3900000,0x00000000e3900000)
  from space 232960K, 0% used [0x00000000e3900000,0x00000000e3900000,0x00000000f1c80000)
  to   space 232960K, 0% used [0x00000000f1c80000,0x00000000f1c80000,0x0000000100000000)
 ParOldGen       total 1046016K, used 1045144K [0x0000000080000000, 0x00000000bfd80000, 0x00000000d5580000)
  object space 1046016K, 99% used [0x0000000080000000,0x00000000bfca6258,0x00000000bfd80000)
 Metaspace       used 41266K, capacity 41582K, committed 42240K, reserved 1085440K
  class space    used 6218K, capacity 6320K, committed 6400K, reserved 1048576K
Event: 803.588 GC heap after
Heap after GC invocations=94 (full 13):
 PSYoungGen      total 465920K, used 0K [0x00000000d5580000, 0x0000000100000000, 0x0000000100000000)
  eden space 232960K, 0% used [0x00000000d5580000,0x00000000d5580000,0x00000000e3900000)
  from space 232960K, 0% used [0x00000000e3900000,0x00000000e3900000,0x00000000f1c80000)
  to   space 232960K, 0% used [0x00000000f1c80000,0x00000000f1c80000,0x0000000100000000)
 ParOldGen       total 1046016K, used 1039545K [0x0000000080000000, 0x00000000bfd80000, 0x00000000d5580000)
  object space 1046016K, 99% used [0x0000000080000000,0x00000000bf72e440,0x00000000bfd80000)
 Metaspace       used 41266K, capacity 41582K, committed 42240K, reserved 1085440K
  class space    used 6218K, capacity 6320K, committed 6400K, reserved 1048576K
}
Event: 811.611 GC heap before
{Heap before GC invocations=95 (full 14):
 PSYoungGen      total 465920K, used 232960K [0x00000000d5580000, 0x0000000100000000, 0x0000000100000000)
  eden space 232960K, 100% used [0x00000000d5580000,0x00000000e3900000,0x00000000e3900000)
  from space 232960K, 0% used [0x00000000e3900000,0x00000000e3900000,0x00000000f1c80000)
  to   space 232960K, 0% used [0x00000000f1c80000,0x00000000f1c80000,0x0000000100000000)
 ParOldGen       total 1046016K, used 1039545K [0x0000000080000000, 0x00000000bfd80000, 0x00000000d5580000)
  object space 1046016K, 99% used [0x0000000080000000,0x00000000bf72e440,0x00000000bfd80000)
 Metaspace       used 41266K, capacity 41582K, committed 42240K, reserved 1085440K
  class space    used 6218K, capacity 6320K, committed 6400K, reserved 1048576K
Event: 826.572 GC heap after
Heap after GC invocations=95 (full 14):
 PSYoungGen      total 465920K, used 66937K [0x00000000d5580000, 0x0000000100000000, 0x0000000100000000)
  eden space 232960K, 28% used [0x00000000d5580000,0x00000000d96de490,0x00000000e3900000)
  from space 232960K, 0% used [0x00000000e3900000,0x00000000e3900000,0x00000000f1c80000)
  to   space 232960K, 0% used [0x00000000f1c80000,0x00000000f1c80000,0x0000000100000000)
 ParOldGen       total 1046016K, used 1042276K [0x0000000080000000, 0x00000000bfd80000, 0x00000000d5580000)
  object space 1046016K, 99% used [0x0000000080000000,0x00000000bf9d9040,0x00000000bfd80000)
 Metaspace       used 41266K, capacity 41582K, committed 42240K, reserved 1085440K
  class space    used 6218K, capacity 6320K, committed 6400K, reserved 1048576K
}
Event: 833.899 GC heap before
{Heap before GC invocations=96 (full 15):
 PSYoungGen      total 465920K, used 232960K [0x00000000d5580000, 0x0000000100000000, 0x0000000100000000)
  eden space 232960K, 100% used [0x00000000d5580000,0x00000000e3900000,0x00000000e3900000)
  from space 232960K, 0% used [0x00000000e3900000,0x00000000e3900000,0x00000000f1c80000)
  to   space 232960K, 0% used [0x00000000f1c80000,0x00000000f1c80000,0x0000000100000000)
 ParOldGen       total 1046016K, used 1042276K [0x0000000080000000, 0x00000000bfd80000, 0x00000000d5580000)
  object space 1046016K, 99% used [0x0000000080000000,0x00000000bf9d9040,0x00000000bfd80000)
 Metaspace       used 41266K, capacity 41582K, committed 42240K, reserved 1085440K
  class space    used 6218K, capacity 6320K, committed 6400K, reserved 1048576K
Event: 842.024 GC heap after
Heap after GC invocations=96 (full 15):
 PSYoungGen      total 465920K, used 78605K [0x00000000d5580000, 0x0000000100000000, 0x0000000100000000)
  eden space 232960K, 33% used [0x00000000d5580000,0x00000000da2437c8,0x00000000e3900000)
  from space 232960K, 0% used [0x00000000e3900000,0x00000000e3900000,0x00000000f1c80000)
  to   space 232960K, 0% used [0x00000000f1c80000,0x00000000f1c80000,0x0000000100000000)
 ParOldGen       total 1046016K, used 1008464K [0x0000000080000000, 0x00000000bfd80000, 0x00000000d5580000)
  object space 1046016K, 96% used [0x0000000080000000,0x00000000bd8d43f0,0x00000000bfd80000)
 Metaspace       used 41266K, capacity 41582K, committed 42240K, reserved 1085440K
  class space    used 6218K, capacity 6320K, committed 6400K, reserved 1048576K
}

